>>> cc

".\..\Core\Src\main.c", line 332: Warning:  #223-D: function "getAglity" declared implicitly
          Aglity = getAglity();
                   ^
".\..\Core\Src\main.c", line 305: Warning:  #550-D: variable "count"  was set but never used
      uint8_t count = 0;
              ^
".\..\Core\Src\main.c", line 307: Warning:  #177-D: variable "Pos"  was declared but never referenced
      Position_edc25 Pos;
                     ^
".\..\Core\Src\main.c", line 308: Warning:  #177-D: variable "OpponentPos"  was declared but never referenced
      Position_edc25 OpponentPos;
                     ^
".\..\Core\Src\main.c", line 309: Warning:  #177-D: variable "Height"  was declared but never referenced
      uint8_t Height[64];
              ^
".\..\Core\Src\main.c", line 313: Warning:  #177-D: variable "judge"  was declared but never referenced
      bool judge;
           ^
".\..\Core\Src\main.c", line 314: Warning:  #177-D: variable "first"  was declared but never referenced
      bool first = true;
           ^
".\..\Core\Src\main.c", line 1726: Warning:  #68-D: integer conversion resulted in a change of sign
          for (int i = sizeof(dia_pos_list) / sizeof(dia_pos_list[0]) - 1; i >= 0; --i)
                       ^
".\..\Core\Src\main.c", line 1758: Warning:  #140-D: too many arguments in function call
              getHeightAllChunks(map_height);
                                 ^
".\..\Core\Src\main.c", line 1776: Warning:  #68-D: integer conversion resulted in a change of sign
          for (int i = sizeof(gold_pos_list) / sizeof(gold_pos_list[0]) - 1; i >= 0; --i)
                       ^
".\..\Core\Src\main.c", line 1826: Warning:  #68-D: integer conversion resulted in a change of sign
          for (int i = sizeof(iron_pos_list) / sizeof(iron_pos_list[0]) - 1; i >= 0; --i)
                       ^
".\..\Core\Src\main.c", line 1870: Warning:  #140-D: too many arguments in function call
          getHeightAllChunks(map_height);
                             ^
".\..\Core\Src\main.c", line 1981: Warning:  #140-D: too many arguments in function call
              getHeightAllChunks(map_height);
                                 ^
".\..\Core\Src\main.c", line 2008: Warning:  #223-D: function "getAglity" declared implicitly
                      while (getEmeraldCount() >= 32 && getAglity() < agility_limit)
                                                        ^
.\..\Core\Src\main.c: 14 warnings, 0 errors

>>> ld

Program Size: Code=17264 RO-data=380 RW-data=208 ZI-data=3488  
